0 info it worked if it ends with ok
1 verbose cli [ '/usr/bin/nodejs', '/usr/bin/npm', 'publish' ]
2 info using npm@1.4.21
3 info using node@v0.10.25
4 verbose publish [ '.' ]
5 verbose cache add [ '.', null ]
6 verbose cache add name=undefined spec="." args=[".",null]
7 verbose parsed url { protocol: null,
7 verbose parsed url   slashes: null,
7 verbose parsed url   auth: null,
7 verbose parsed url   host: null,
7 verbose parsed url   port: null,
7 verbose parsed url   hostname: null,
7 verbose parsed url   hash: null,
7 verbose parsed url   search: null,
7 verbose parsed url   query: null,
7 verbose parsed url   pathname: '.',
7 verbose parsed url   path: '.',
7 verbose parsed url   href: '.' }
8 silly lockFile 3a52ce78- .
9 verbose lock . /home/ryuk/.npm/3a52ce78-.lock
10 verbose tar pack [ '/home/ryuk/.npm/katy-query/0.0.1/package.tgz', '.' ]
11 verbose tarball /home/ryuk/.npm/katy-query/0.0.1/package.tgz
12 verbose folder .
13 info prepublish katy-query@0.0.1
14 silly lockFile 1f1177db-tar tar://.
15 verbose lock tar://. /home/ryuk/.npm/1f1177db-tar.lock
16 silly lockFile c2156a16-npm-katy-query-0-0-1-package-tgz tar:///home/ryuk/.npm/katy-query/0.0.1/package.tgz
17 verbose lock tar:///home/ryuk/.npm/katy-query/0.0.1/package.tgz /home/ryuk/.npm/c2156a16-npm-katy-query-0-0-1-package-tgz.lock
18 silly lockFile 1f1177db-tar tar://.
19 silly lockFile 1f1177db-tar tar://.
20 silly lockFile c2156a16-npm-katy-query-0-0-1-package-tgz tar:///home/ryuk/.npm/katy-query/0.0.1/package.tgz
21 silly lockFile c2156a16-npm-katy-query-0-0-1-package-tgz tar:///home/ryuk/.npm/katy-query/0.0.1/package.tgz
22 silly lockFile 2bb63c89-yuk-npm-katy-query-0-0-1-package /home/ryuk/.npm/katy-query/0.0.1/package
23 verbose lock /home/ryuk/.npm/katy-query/0.0.1/package /home/ryuk/.npm/2bb63c89-yuk-npm-katy-query-0-0-1-package.lock
24 silly lockFile 2bb63c89-yuk-npm-katy-query-0-0-1-package /home/ryuk/.npm/katy-query/0.0.1/package
25 silly lockFile 2bb63c89-yuk-npm-katy-query-0-0-1-package /home/ryuk/.npm/katy-query/0.0.1/package
26 silly lockFile 3a52ce78- .
27 silly lockFile 3a52ce78- .
28 silly publish { name: 'katy-query',
28 silly publish   version: '0.0.1',
28 silly publish   description: 'KatyQuery is a Node.js \'n SQL utility library',
28 silly publish   main: 'dist/index.js',
28 silly publish   scripts: { test: 'mocha', autotest: 'supervisor -q -n exit -x npm test' },
28 silly publish   repository: { type: 'git', url: 'https://github.com/lfreneda/KatyQuery' },
28 silly publish   keywords: [ 'recordset', 'binders', 'models', 'javascript', 'queries' ],
28 silly publish   author:
28 silly publish    { name: 'Luiz Freneda',
28 silly publish      email: 'lfreneda@gmail.com',
28 silly publish      url: 'http://www.freneda.com.br/' },
28 silly publish   license: 'ISC',
28 silly publish   bugs: { url: 'https://github.com/lfreneda/KatyQuery/issues' },
28 silly publish   devDependencies:
28 silly publish    { chai: '^3.5.0',
28 silly publish      gulp: '^3.9.1',
28 silly publish      'gulp-cached': '^1.1.0',
28 silly publish      'gulp-coffee': '^2.3.2',
28 silly publish      'gulp-env': '^0.4.0',
28 silly publish      'gulp-load-plugins': '^1.2.4',
28 silly publish      'gulp-rename': '^1.2.2',
28 silly publish      'gulp-sourcemaps': '^1.6.0',
28 silly publish      mocha: '^3.0.2',
28 silly publish      sinon: '^1.17.5',
28 silly publish      supervisor: '^0.11.0' },
28 silly publish   dependencies: { lodash: '^4.15.0' },
28 silly publish   readme: '# KatyQuery\nKatyQuery :microphone: is a Node.js \'n SQL utility library\n\n## Installation\n\n```shell\n$ npm install katy-query\n```\n\n## Usage\n\n### Query Generator\n\ngenerates select query in KatyQuery format, so you can use result transformer\n\n```javascript\nQueryGenerator = require(\'katy-query\').QueryGenerator\nQueryGenerator.configure({\n    table: \'tasks\'\n    columns: [\n      { name: \'id\', alias: \'this.id\' }\n      { name: \'description\', alias: \'this.description\' }\n      { name: \'created_at\', alias: \'this.createdAt\' }\n      { name: \'employee_id\', alias: \'this.employee.id\' }\n    ]\n    relations: {\n      employee: {\n        table: \'employees\'\n        sql: \'LEFT JOIN employees ON tasks.employee_id = employees.id\'\n        columns: [\n          { name: \'id\', alias: \'this.employee.id\' }\n          { name: \'name\', alias: \'this.employee.name\' }\n        ]\n      },\n      tags: {\n        table: \'tags\'\n        sql: \'LEFT JOIN tasks_tags ON tasks_tags.taskId = tasks.id LEFT JOIN tags ON tasks_tags.tagId = tags.id\'\n        columns: [\n          { name: \'id\', alias: \'this.tags[].id\' }\n          { name: \'name\', alias: \'this.tags[].name\' }\n        ]\n      }\n    }\n  });\n  \nQueryGenerator.toSql(\'tasks\', [\'employee\', \'tags\']);\n```\n\n\n```\n  SELECT \n    tasks.id "this.id",\n    tasks.description "this.description",\n    tasks.status "this.status",\n    employees.id "this.employee.id",\n    employees.name "this.employee.name",\n    tags.id "this.tags[].id",\n    tags.name "this.tags[].name"\n  FROM\n     tasks\n   LEFT JOIN employees ON tasks.employeeId = employees.id\n   LEFT JOIN tasks_tags ON tasks_tags.taskId = tasks.id\n   LEFT JOIN tags ON tasks_tags.tagId = tags.id\n  WHERE\n    tasks.id = 15\n```\n\n### Result transformer \n\nbinds record set result to javascript objects\n\n```javascript\nResultTransfomer = require(\'katy-query\').ResultTransfomer\ntask = ResultTransfomer.toModel recordSetResult\n```\n\n```\n{\n  id: 1,\n  description: \'task description\',\n  status: \'done\',\n  employee: { \n    id: 2,\n    name: \'Luiz Freneda\'\n  },\n  tags: [\n    { id: 3, name: \'katy\' },\n    { id: 4, name: \'query\' }\n  ]\n}\n```\n\n#### Credits\nnamed by [@maurogarcia](http://github.com/maurogarcia)\n',
28 silly publish   readmeFilename: 'README.md',
28 silly publish   gitHead: '33f6eb318a8a6f953948ad111db678b030a08170',
28 silly publish   _id: 'katy-query@0.0.1',
28 silly publish   _shasum: '39cacd68ae403ee9194a2828eed17afe410e7794',
28 silly publish   _from: '.' }
29 verbose request where is /katy-query
30 verbose request registry https://registry.npmjs.org/
31 verbose request id ffdbf2e92d12fb0b
32 verbose url raw /katy-query
33 verbose url resolving [ 'https://registry.npmjs.org/', './katy-query' ]
34 verbose url resolved https://registry.npmjs.org/katy-query
35 verbose request where is https://registry.npmjs.org/katy-query
36 info trying registry request attempt 1 at 12:30:05
37 http PUT https://registry.npmjs.org/katy-query
38 http 403 https://registry.npmjs.org/katy-query
39 verbose headers { 'content-type': 'application/json',
39 verbose headers   'cache-control': 'max-age=300',
39 verbose headers   'content-length': '95',
39 verbose headers   'accept-ranges': 'bytes',
39 verbose headers   date: 'Wed, 24 Aug 2016 15:30:06 GMT',
39 verbose headers   via: '1.1 varnish',
39 verbose headers   connection: 'keep-alive',
39 verbose headers   'x-served-by': 'cache-gru7120-GRU',
39 verbose headers   'x-cache': 'MISS',
39 verbose headers   'x-cache-hits': '0',
39 verbose headers   'x-timer': 'S1472052605.597919,VS0,VE993',
39 verbose headers   vary: 'Accept-Encoding' }
40 error publish Failed PUT 403
41 error Error: "You cannot publish over the previously published version 0.0.1." : katy-query
41 error     at RegClient.<anonymous> (/usr/share/npm/node_modules/npm-registry-client/lib/request.js:300:14)
41 error     at Request._callback (/usr/share/npm/node_modules/npm-registry-client/lib/request.js:238:65)
41 error     at Request.self.callback (/usr/lib/nodejs/request/index.js:148:22)
41 error     at Request.EventEmitter.emit (events.js:98:17)
41 error     at Request.<anonymous> (/usr/lib/nodejs/request/index.js:896:14)
41 error     at Request.EventEmitter.emit (events.js:117:20)
41 error     at IncomingMessage.<anonymous> (/usr/lib/nodejs/request/index.js:847:12)
41 error     at IncomingMessage.EventEmitter.emit (events.js:117:20)
41 error     at _stream_readable.js:920:16
41 error     at process._tickCallback (node.js:415:13)
42 error If you need help, you may report this *entire* log,
42 error including the npm and node versions, at:
42 error     <http://github.com/npm/npm/issues>
43 error System Linux 4.2.0-42-generic
44 error command "/usr/bin/nodejs" "/usr/bin/npm" "publish"
45 error cwd /home/ryuk/lfreneda/work/open-source/KatyQuery
46 error node -v v0.10.25
47 error npm -v 1.4.21
48 verbose exit [ 1, true ]
